<?xml version="1.0" encoding="UTF-8"?>
<!-- Generated by org.testng.reporters.JUnitReportReporter -->
<testsuite hostname="LAPTOP-H81SOT6F" failures="0" tests="1" name="abstraction.TC001_LoginTest" time="2.673" errors="0" timestamp="2023-05-16T23:21:01 IST" skipped="0">
  <testcase classname="abstraction.TC001_LoginTest" name="LoginPage1" time="2.673"/>
  <system-out/>
</testsuite> <!-- abstraction.TC001_LoginTest -->
