<?xml version="1.0" encoding="UTF-8"?>
<!-- Generated by org.testng.reporters.JUnitReportReporter -->
<testsuite hostname="LAPTOP-H81SOT6F" failures="0" tests="1"
	name="testNGclass.ExtentReport" time="0.539" errors="0"
	timestamp="2023-02-04T14:46:13 IST" skipped="0">
	<testcase classname="testNGclass.ExtentReport" name="report"
		time="0.539" />
	<system-out />
</testsuite> <!-- testNGclass.ExtentReport -->
