<?xml version="1.0" encoding="UTF-8"?>
<!-- Generated by org.testng.reporters.JUnitReportReporter -->
<testsuite hostname="LAPTOP-H81SOT6F" failures="0" tests="2"
	name="testNGclass.ExtentReportTestng" time="53.215" errors="0"
	timestamp="2023-02-08T16:56:10 IST" skipped="0">
	<testcase classname="testNGclass.ExtentReportTestng"
		name="test2" time="39.791" />
	<system-out />
	<testcase classname="testNGclass.ExtentReportTestng"
		name="test1" time="13.424" />
	<system-out />
</testsuite> <!-- testNGclass.ExtentReportTestng -->
