<?xml version="1.0" encoding="UTF-8"?>
<!-- Generated by org.testng.reporters.JUnitReportReporter -->
<testsuite hostname="LAPTOP-H81SOT6F" failures="0" tests="4"
	name="testNGclass.HashMapUse" time="0.013" errors="0"
	timestamp="2023-02-08T13:00:09 IST" skipped="0">
	<testcase classname="testNGclass.HashMapUse"
		name="verigyLoginTest" time="0.006" />
	<system-out />
	<testcase classname="testNGclass.HashMapUse"
		name="verigyLoginTest" time="0.002" />
	<system-out />
	<testcase classname="testNGclass.HashMapUse"
		name="verigyLoginTest" time="0.003" />
	<system-out />
	<testcase classname="testNGclass.HashMapUse"
		name="verigyLoginTest" time="0.002" />
	<system-out />
</testsuite> <!-- testNGclass.HashMapUse -->
