<?xml version="1.0" encoding="UTF-8"?>
<!-- Generated by org.testng.reporters.JUnitReportReporter -->
<testsuite hostname="LAPTOP-H81SOT6F" failures="0" tests="4" name="testNGclass.ExeclDataRead" time="0.012" errors="0" timestamp="2023-05-20T20:00:34 IST" skipped="0">
  <testcase classname="testNGclass.ExeclDataRead" name="verifyLoginTest" time="0.002"/>
  <system-out/>
  <testcase classname="testNGclass.ExeclDataRead" name="verifyLoginTest" time="0.002"/>
  <system-out/>
  <testcase classname="testNGclass.ExeclDataRead" name="verifyLoginTest" time="0.006"/>
  <system-out/>
  <testcase classname="testNGclass.ExeclDataRead" name="verifyLoginTest" time="0.002"/>
  <system-out/>
</testsuite> <!-- testNGclass.ExeclDataRead -->
