<?xml version="1.0" encoding="UTF-8"?>
<!-- Generated by org.testng.reporters.JUnitReportReporter -->
<testsuite hostname="LAPTOP-H81SOT6F" failures="0" tests="1" name="encapsulation.TC002_LoginFlow" time="3.336" errors="0" timestamp="2023-05-15T10:04:48 IST" skipped="0">
  <testcase classname="encapsulation.TC002_LoginFlow" name="testloginpage" time="3.336"/>
  <system-out/>
</testsuite> <!-- encapsulation.TC002_LoginFlow -->
