<?xml version="1.0" encoding="UTF-8"?>
<!-- Generated by org.testng.reporters.JUnitReportReporter -->
<testsuite hostname="LAPTOP-H81SOT6F" failures="0" tests="8"
	name="testNGclass.AllenDataDPintoTest" time="0.021" errors="0"
	timestamp="2023-02-04T19:06:56 IST" skipped="0">
	<testcase classname="testNGclass.AllenDataDPintoTest"
		name="verifyPaymentTest1" time="0.001" />
	<system-out />
	<testcase classname="testNGclass.AllenDataDPintoTest"
		name="verifyPaymentTest1" time="0.009" />
	<system-out />
	<testcase classname="testNGclass.AllenDataDPintoTest"
		name="verifyPaymentTest2" time="0.001" />
	<system-out />
	<testcase classname="testNGclass.AllenDataDPintoTest"
		name="verifyPaymentTest1" time="0.003" />
	<system-out />
	<testcase classname="testNGclass.AllenDataDPintoTest"
		name="verifyPaymentTest2" time="0.003" />
	<system-out />
	<testcase classname="testNGclass.AllenDataDPintoTest"
		name="verifyPaymentTest2" time="0.002" />
	<system-out />
	<testcase classname="testNGclass.AllenDataDPintoTest"
		name="verifyPaymentTest2" time="0.001" />
	<system-out />
	<testcase classname="testNGclass.AllenDataDPintoTest"
		name="verifyPaymentTest2" time="0.001" />
	<system-out />
</testsuite> <!-- testNGclass.AllenDataDPintoTest -->
