<?xml version="1.0" encoding="UTF-8"?>
<!-- Generated by org.testng.reporters.JUnitReportReporter -->
<testsuite hostname="LAPTOP-H81SOT6F" failures="0" tests="1" name="inheritance.LoginScenario" time="3.885" errors="0" timestamp="2023-05-15T11:00:19 IST" skipped="0">
  <testcase classname="inheritance.LoginScenario" name="logintoApp" time="3.885"/>
  <system-out/>
</testsuite> <!-- inheritance.LoginScenario -->
